     1 00000000                                 [FORMAT "WCOFF"]				; 生成对象文件的模式
     2 00000000                                 [INSTRSET "i486p"]				; 使用486兼容指令集
     3 00000000                                 [BITS 32]						; 生成32为模式机器语言
     4 00000000                                 [FILE "api008.nas"]				; 源文件名信息
     5 00000000                                 
     6 00000000                                 		GLOBAL	_apiInitMalloc
     7 00000000                                 		
     8                                          [SECTION .text]
     9 00000000                                 
    10 00000000                                 _apiInitMalloc:					; void apiInitMalloc();
    11 00000000 53                              		PUSH	EBX
    12 00000001 BA 00000008                     		MOV		EDX,8			; 功能号8
    13 00000006 2E 8B 1D 00000020               		MOV		EBX,[CS:0x0020]	; 在应用程序文件中读取0x0020位置记录的当前malloc可分配内存空间起始地址（memsegtable管理空间起始地址）
    14 0000000D 89 D8                           		MOV		EAX,EBX
    15 0000000F 05 00008000                     		ADD		EAX,32*1024		; 加上32KB
    16 00000014 2E 8B 0D 00000000               		MOV		ECX,[CS:0x0000]	; 在应用程序文件中读取0x0000位置读取数据段的大小（memsegtable管理的字节数）
    17 0000001B 29 C1                           		SUB		ECX,EAX
    18 0000001D CD 40                           		INT		0x40
    19 0000001F 5B                              		POP		EBX
    20 00000020 C3                              		RET
