     1 00000000                                 [FORMAT "WCOFF"]
     2 00000000                                 [INSTRSET "i486p"]
     3 00000000                                 [OPTIMIZE 1]
     4 00000000                                 [OPTION 1]
     5 00000000                                 [BITS 32]
     6 00000000                                 	EXTERN	_apiInitMalloc
     7 00000000                                 	EXTERN	_apiMalloc
     8 00000000                                 	EXTERN	_apiOpenWindow
     9 00000000                                 	EXTERN	_apiLineWin
    10 00000000                                 	EXTERN	_apiRefreshWin
    11 00000000                                 	EXTERN	_apiGetKey
    12 00000000                                 	EXTERN	_apiEnd
    13 00000000                                 [FILE "line.c"]
    14                                          [SECTION .data]
    15 00000000                                 LC0:
    16 00000000 6C 69 6E 65 00                  	DB	"line",0x00
    17                                          [SECTION .text]
    18 00000000                                 	GLOBAL	_Main
    19 00000000                                 _Main:
    20 00000000 55                              	PUSH	EBP
    21 00000001 89 E5                           	MOV	EBP,ESP
    22 00000003 57                              	PUSH	EDI
    23 00000004 56                              	PUSH	ESI
    24 00000005 31 FF                           	XOR	EDI,EDI
    25 00000007 53                              	PUSH	EBX
    26 00000008 31 F6                           	XOR	ESI,ESI
    27 0000000A 51                              	PUSH	ECX
    28 0000000B E8 [00000000]                   	CALL	_apiInitMalloc
    29 00000010 68 00003E80                     	PUSH	16000
    30 00000015 E8 [00000000]                   	CALL	_apiMalloc
    31 0000001A 68 [00000000]                   	PUSH	LC0
    32 0000001F 6A FF                           	PUSH	-1
    33 00000021 6A 64                           	PUSH	100
    34 00000023 68 000000A0                     	PUSH	160
    35 00000028 50                              	PUSH	EAX
    36 00000029 E8 [00000000]                   	CALL	_apiOpenWindow
    37 0000002E 83 C4 18                        	ADD	ESP,24
    38 00000031 89 45 F0                        	MOV	DWORD [-16+EBP],EAX
    39 00000034                                 L6:
    40 00000034 56                              	PUSH	ESI
    41 00000035 8D 47 1A                        	LEA	EAX,DWORD [26+EDI]
    42 00000038 50                              	PUSH	EAX
    43 00000039 6A 4D                           	PUSH	77
    44 0000003B 6A 1A                           	PUSH	26
    45 0000003D 6A 08                           	PUSH	8
    46 0000003F 8B 5D F0                        	MOV	EBX,DWORD [-16+EBP]
    47 00000042 43                              	INC	EBX
    48 00000043 53                              	PUSH	EBX
    49 00000044 E8 [00000000]                   	CALL	_apiLineWin
    50 00000049 8D 47 58                        	LEA	EAX,DWORD [88+EDI]
    51 0000004C 56                              	PUSH	ESI
    52 0000004D 83 C7 09                        	ADD	EDI,9
    53 00000050 6A 59                           	PUSH	89
    54 00000052 46                              	INC	ESI
    55 00000053 50                              	PUSH	EAX
    56 00000054 6A 1A                           	PUSH	26
    57 00000056 6A 58                           	PUSH	88
    58 00000058 53                              	PUSH	EBX
    59 00000059 E8 [00000000]                   	CALL	_apiLineWin
    60 0000005E 83 C4 30                        	ADD	ESP,48
    61 00000061 83 FE 07                        	CMP	ESI,7
    62 00000064 7E CE                           	JLE	L6
    63 00000066 6A 5A                           	PUSH	90
    64 00000068 68 0000009A                     	PUSH	154
    65 0000006D 6A 1A                           	PUSH	26
    66 0000006F 6A 06                           	PUSH	6
    67 00000071 FF 75 F0                        	PUSH	DWORD [-16+EBP]
    68 00000074 E8 [00000000]                   	CALL	_apiRefreshWin
    69 00000079 83 C4 14                        	ADD	ESP,20
    70 0000007C                                 L7:
    71 0000007C 6A 01                           	PUSH	1
    72 0000007E E8 [00000000]                   	CALL	_apiGetKey
    73 00000083 5A                              	POP	EDX
    74 00000084 83 F8 0A                        	CMP	EAX,10
    75 00000087 75 F3                           	JNE	L7
    76 00000089 8D 65 F4                        	LEA	ESP,DWORD [-12+EBP]
    77 0000008C 5B                              	POP	EBX
    78 0000008D 5E                              	POP	ESI
    79 0000008E 5F                              	POP	EDI
    80 0000008F 5D                              	POP	EBP
    81 00000090 E9 [00000000]                   	JMP	_apiEnd
