     1 00000000                                 ; func
     2 00000000                                 ; TAB=4
     3 00000000                                 
     4 00000000                                 [FORMAT "WCOFF"]				; 制作目标文件的模式
     5 00000000                                 [INSTRSET "i486p"]				
     6 00000000                                 [BITS 32]						; 制作32位模式
     7 00000000                                 
     8 00000000                                 ; 制作目标文件的信息
     9 00000000                                 
    10 00000000                                 [FILE "func.nas"]				; 源文件名
    11 00000000                                 		GLOBAL	_io_hlt, _io_cli, _io_sti, _io_stihlt	; 程序中包含的函数名
    12 00000000                                 		GLOBAL	_io_in8, _io_in16, _io_in32
    13 00000000                                 		GLOBAL	_io_out8, _io_out16, _io_out32
    14 00000000                                 		GLOBAL	_io_load_eflags, _io_store_eflags
    15 00000000                                 		GLOBAL	_loadGdtr, _loadIdtr
    16 00000000                                 		GLOBAL	_loadCr0, _storeCr0
    17 00000000                                 		GLOBAL	_loadTr
    18 00000000                                 		GLOBAL	_asm_interruptHandler20, _asm_interruptHandler21, _asm_interruptHandler27, _asm_interruptHandler2c
    19 00000000                                 		GLOBAL	_asm_interruptHandler0d, _asm_interruptHandler0c
    20 00000000                                 		GLOBAL	_memtest_sub
    21 00000000                                 		GLOBAL	_farJmp, _farCall
    22 00000000                                 		GLOBAL	_asm_dickApi, _startApp, _asm_endApp
    23 00000000                                 		EXTERN	_interruptHandler20, _interruptHandler21, _interruptHandler27, _interruptHandler2c
    24 00000000                                 		EXTERN	_interruptHandler0d, _interruptHandler0c
    25 00000000                                 		EXTERN	_dickApi
    26 00000000                                 ; 实际的函数
    27 00000000                                 
    28                                          [SECTION .text]					; 目标文件中写了这些后再写程序
    29 00000000                                 
    30 00000000                                 _io_hlt:						; void io_hlt();
    31 00000000 F4                              		HLT
    32 00000001 C3                              		RET
    33 00000002                                 
    34 00000002                                 _io_cli:						; void io_cli();
    35 00000002 FA                              		CLI
    36 00000003 C3                              		RET
    37 00000004                                 
    38 00000004                                 _io_sti:						; void io_sti();
    39 00000004 FB                              		STI
    40 00000005 C3                              		RET
    41 00000006                                 		
    42 00000006                                 _io_stihlt:						; void io_stihlt();
    43 00000006 FB                              		STI
    44 00000007 F4                              		HLT
    45 00000008 C3                              		RET
    46 00000009                                 		
    47 00000009                                 _io_in8:						; void io_in8(int port);
    48 00000009 8B 54 24 04                     		MOV		EDX,[ESP+4]		; 端口
    49 0000000D B8 00000000                     		MOV		EAX,0
    50 00000012 EC                              		IN		AL,DX			; 从DX端口读取一字节数据到AL
    51 00000013 C3                              		RET
    52 00000014                                 		
    53 00000014                                 _io_in16:						; void io_in16(int port);
    54 00000014 8B 54 24 04                     		MOV		EDX,[ESP+4]		; 端口
    55 00000018 B8 00000000                     		MOV		EAX,0
    56 0000001D 66 ED                           		IN		AX,DX			; 从DX端口读取一字节数据到AX
    57 0000001F C3                              		RET
    58 00000020                                 		
    59 00000020                                 _io_in32:						; void io_in8(int port);
    60 00000020 8B 54 24 04                     		MOV		EDX,[ESP+4]		; 端口
    61 00000024 ED                              		IN		EAX,DX			; 从DX端口读取一字节数据到EAX
    62 00000025 C3                              		RET
    63 00000026                                 
    64 00000026                                 _io_out8:						; void io_out8(int port, int data);
    65 00000026 8B 54 24 04                     		MOV		EDX,[ESP+4]		; 端口port
    66 0000002A 8A 44 24 08                     		MOV		AL,[ESP+8]		; 数据data
    67 0000002E EE                              		OUT		DX,AL			; 将AL值写入端口
    68 0000002F C3                              		RET
    69 00000030                                 		
    70 00000030                                 _io_out16:						; void io_out16(int port, int data);
    71 00000030 8B 54 24 04                     		MOV 	EDX,[ESP+4]		; 端口port
    72 00000034 8B 44 24 08                     		MOV		EAX,[ESP+8]		; 数据data
    73 00000038 66 EF                           		OUT		DX,AX			; 将AL值写入端口
    74 0000003A C3                              		RET
    75 0000003B                                 		
    76 0000003B                                 _io_out32:						; void io_out32(int port, int data);
    77 0000003B 8B 54 24 04                     		MOV 	EDX,[ESP+4]		; 端口port
    78 0000003F 8B 44 24 08                     		MOV		EAX,[ESP+8]		; 数据data
    79 00000043 EF                              		OUT		DX,EAX			; 将AL值写入端口
    80 00000044 C3                              		RET
    81 00000045                                 		
    82 00000045                                 _io_load_eflags:				; int io_load_eflags(void); 读取eflags
    83 00000045 9C                              		PUSHFD					; PUSH EFLAGS
    84 00000046 58                              		POP		EAX
    85 00000047 C3                              		RET
    86 00000048                                 
    87 00000048                                 _io_store_eflags:				; void io_store_eflags(int eflags); 写入eflags
    88 00000048 8B 44 24 04                     		MOV		EAX,[ESP+4]
    89 0000004C 50                              		PUSH		EAX
    90 0000004D 9D                              		POPFD					; POP EFLAGS
    91 0000004E C3                              		RET
    92 0000004F                                 		
    93 0000004F                                 _loadGdtr:						; void loadGdtr(int limit, int addr); 将指定段的上限和地址赋值给寄存器GDTR
    94 0000004F 66 8B 44 24 04                  		MOV		AX,[ESP+4]
    95 00000054 66 89 44 24 06                  		MOV		[ESP+6],AX
    96 00000059 0F 01 54 24 06                  		LGDT	[ESP+6]
    97 0000005E C3                              		RET
    98 0000005F                                 		
    99 0000005F                                 _loadIdtr:						; void loadIdtr(int limit, int  addr);
   100 0000005F 66 8B 44 24 04                  		MOV		AX,[ESP+4]
   101 00000064 66 89 44 24 06                  		MOV		[ESP+6],AX
   102 00000069 0F 01 5C 24 06                  		LIDT	[ESP+6]
   103 0000006E C3                              		RET
   104 0000006F                                 		
   105 0000006F                                 _loadCr0:						; int loadCr0; 读取cr0寄存器
   106 0000006F 0F 20 C0                        		MOV		EAX,CR0
   107 00000072 C3                              		RET
   108 00000073                                 		
   109 00000073                                 _storeCr0:						; void storeCr0(int cr0) 写入cr0寄存器
   110 00000073 8B 44 24 04                     		MOV		EAX,[ESP+4]
   111 00000077 0F 22 C0                        		MOV		CR0,EAX
   112 0000007A C3                              		RET
   113 0000007B                                 
   114 0000007B                                 _loadTr:						; void loadTr(int tr) 为TR寄存器赋值
   115 0000007B 0F 00 5C 24 04                  		LTR		[ESP+4]
   116 00000080 C3                              		RET
   117 00000081                                 		
   118 00000081                                 _asm_interruptHandler20:
   119 00000081 06                              		PUSH	ES
   120 00000082 1E                              		PUSH	DS
   121 00000083 60                              		PUSHAD
   122 00000084 89 E0                           		MOV		EAX,ESP
   123 00000086 50                              		PUSH	EAX
   124 00000087 66 8C D0                        		MOV		AX,SS
   125 0000008A 8E D8                           		MOV		DS,AX
   126 0000008C 8E C0                           		MOV		ES,AX
   127 0000008E E8 [00000000]                   		CALL	_interruptHandler20
   128 00000093 58                              		POP		EAX
   129 00000094 61                              		POPAD
   130 00000095 1F                              		POP		DS
   131 00000096 07                              		POP		ES
   132 00000097 CF                              		IRETD
   133 00000098                                 		
   134 00000098                                 _asm_interruptHandler21:
   135 00000098 06                              		PUSH	ES
   136 00000099 1E                              		PUSH	DS
   137 0000009A 60                              		PUSHAD
   138 0000009B 89 E0                           		MOV		EAX,ESP
   139 0000009D 50                              		PUSH	EAX
   140 0000009E 66 8C D0                        		MOV		AX,SS
   141 000000A1 8E D8                           		MOV		DS,AX
   142 000000A3 8E C0                           		MOV		ES,AX
   143 000000A5 E8 [00000000]                   		CALL	_interruptHandler21
   144 000000AA 58                              		POP		EAX
   145 000000AB 61                              		POPAD
   146 000000AC 1F                              		POP		DS
   147 000000AD 07                              		POP		ES
   148 000000AE CF                              		IRETD
   149 000000AF                                 
   150 000000AF                                 _asm_interruptHandler27:
   151 000000AF 06                              		PUSH	ES
   152 000000B0 1E                              		PUSH	DS
   153 000000B1 60                              		PUSHAD
   154 000000B2 89 E0                           		MOV		EAX,ESP
   155 000000B4 50                              		PUSH	EAX
   156 000000B5 66 8C D0                        		MOV		AX,SS
   157 000000B8 8E D8                           		MOV		DS,AX
   158 000000BA 8E C0                           		MOV		ES,AX
   159 000000BC E8 [00000000]                   		CALL	_interruptHandler27
   160 000000C1 58                              		POP		EAX
   161 000000C2 61                              		POPAD
   162 000000C3 1F                              		POP		DS
   163 000000C4 07                              		POP		ES
   164 000000C5 CF                              		IRETD
   165 000000C6                                 
   166 000000C6                                 _asm_interruptHandler2c:
   167 000000C6 06                              		PUSH	ES
   168 000000C7 1E                              		PUSH	DS
   169 000000C8 60                              		PUSHAD
   170 000000C9 89 E0                           		MOV		EAX,ESP
   171 000000CB 50                              		PUSH	EAX
   172 000000CC 66 8C D0                        		MOV		AX,SS
   173 000000CF 8E D8                           		MOV		DS,AX
   174 000000D1 8E C0                           		MOV		ES,AX
   175 000000D3 E8 [00000000]                   		CALL	_interruptHandler2c
   176 000000D8 58                              		POP		EAX
   177 000000D9 61                              		POPAD
   178 000000DA 1F                              		POP		DS
   179 000000DB 07                              		POP		ES
   180 000000DC CF                              		IRETD
   181 000000DD                                 
   182 000000DD                                 _asm_interruptHandler0d:				; 一般异常处理
   183 000000DD FB                              		STI								; 开中断
   184 000000DE 06                              		PUSH	ES
   185 000000DF 1E                              		PUSH	DS
   186 000000E0 60                              		PUSHAD
   187 000000E1 89 E0                           		MOV		EAX,ESP
   188 000000E3 50                              		PUSH	EAX
   189 000000E4 66 8C D0                        		MOV		AX,SS
   190 000000E7 8E D8                           		MOV		DS,AX
   191 000000E9 8E C0                           		MOV		ES,AX
   192 000000EB E8 [00000000]                   		CALL	_interruptHandler0d
   193 000000F0 83 F8 00                        		CMP		EAX,0
   194 000000F3 75 45                           		JNE		_asm_endApp
   195 000000F5 58                              		POP		EAX
   196 000000F6 61                              		POPAD
   197 000000F7 1F                              		POP		DS
   198 000000F8 07                              		POP		ES
   199 000000F9 83 C4 04                        		ADD		ESP,4
   200 000000FC CF                              		IRETD
   201 000000FD                                 		
   202 000000FD                                 _asm_interruptHandler0c:				; 处理栈异常
   203 000000FD FB                              		STI								; 开中断
   204 000000FE 06                              		PUSH	ES
   205 000000FF 1E                              		PUSH	DS
   206 00000100 60                              		PUSHAD
   207 00000101 89 E0                           		MOV		EAX,ESP
   208 00000103 50                              		PUSH	EAX
   209 00000104 66 8C D0                        		MOV		AX,SS
   210 00000107 8E D8                           		MOV		DS,AX
   211 00000109 8E C0                           		MOV		ES,AX
   212 0000010B E8 [00000000]                   		CALL	_interruptHandler0c
   213 00000110 83 F8 00                        		CMP		EAX,0
   214 00000113 75 25                           		JNE		_asm_endApp
   215 00000115 58                              		POP		EAX
   216 00000116 61                              		POPAD
   217 00000117 1F                              		POP		DS
   218 00000118 07                              		POP		ES
   219 00000119 83 C4 04                        		ADD		ESP,4
   220 0000011C CF                              		IRETD
   221 0000011D                                 
   222 0000011D                                 
   223 0000011D                                 ; 在寄存器EDX中存入功能号，可以通过INT调用不同函数
   224 0000011D                                 ; 功能号1	显示单个字符(AL = 字符ascii码)
   225 0000011D                                 ; 功能号2	显示字符串到0截止(EBX = 字符串地址)
   226 0000011D                                 ; 功能号3	显示指定长度字符串(EBX = 字符串地址)
   227 0000011D                                 ; 功能号4	结束应用程序
   228 0000011D                                 ; dickApi返回0时继续运行应用程序，返回非0时当做TSS.esp0的地址处理，强制结束应用程序
   229 0000011D                                 
   230 0000011D                                 _asm_dickApi:
   231 0000011D FB                              		STI
   232 0000011E 1E                              		PUSH	DS
   233 0000011F 06                              		PUSH	ES
   234 00000120 60                              		PUSHAD							; 保存寄存器的值
   235 00000121 60                              		PUSHAD							; 向dickApi传值
   236 00000122 66 8C D0                        		MOV		AX,SS
   237 00000125 8E D8                           		MOV		DS,AX					; 将操作系统用段地址存入DS和ES
   238 00000127 8E C0                           		MOV		ES,AX
   239 00000129 E8 [00000000]                   		CALL	_dickApi
   240 0000012E 83 F8 00                        		CMP		EAX,0					; EAX不为0时程序结束
   241 00000131 75 07                           		JNE		_asm_endApp
   242 00000133 83 C4 20                        		ADD		ESP,32
   243 00000136 61                              		POPAD
   244 00000137 07                              		POP		ES
   245 00000138 1F                              		POP		DS
   246 00000139 CF                              		IRETD							; 自动STI
   247 0000013A                                 		
   248 0000013A                                 _asm_endApp:
   249 0000013A                                 ; EAX为TSS.esp0的地址
   250 0000013A 8B 20                           		MOV		ESP,[EAX]
   251 0000013C C7 40 04 00000000               		MOV		DWORD [EAX+4],0
   252 00000143 61                              		POPAD
   253 00000144 C3                              		RET								; 返回cmdApp
   254 00000145                                 
   255 00000145                                 _memtest_sub:							; unsigned int memtest(unsigned int start, unsigned int end)
   256 00000145 57                              		PUSH	EDI
   257 00000146 56                              		PUSH	ESI
   258 00000147 53                              		PUSH	EBX						; 由于要使用这些寄存器，保存以上三个寄存器的值
   259 00000148 BE AA55AA55                     		MOV		ESI,0xaa55aa55			; pat0 = 0xaa55aa55;
   260 0000014D BF 55AA55AA                     		MOV		EDI,0x55aa55aa			; pat1 = 0x55aa55aa;
   261 00000152 8B 44 24 10                     		MOV		EAX,[ESP+12+4]			; i = start; 由于EAX是通用寄存器，不需要保存（EBX是32位基址寄存器，需要保存）当然保存也没问题
   262 00000156                                 		
   263 00000156                                 mts_loop:
   264 00000156 89 C3                           		MOV		EBX,EAX
   265 00000158 81 C3 00000FFC                  		ADD		EBX,0xffc				; p = i + 0xffc;
   266 0000015E 8B 13                           		MOV		EDX,[EBX]				; old = *p;
   267 00000160 89 33                           		MOV		[EBX],ESI				; *p = pat0;
   268 00000162 83 33 FF                        		XOR		DWORD [EBX],0xffffffff	; *p ^= 0xffffffff;
   269 00000165 3B 3B                           		CMP		EDI,[EBX]				; if(pat1 != *p) 
   270 00000167 75 18                           		JNE		mts_fin					; goto mts_fin;
   271 00000169 83 33 FF                        		XOR		DWORD [EBX],0xffffffff	; *p ^= 0xffffffff;
   272 0000016C 3B 33                           		CMP		ESI,[EBX]				; if(pat0 != *p)
   273 0000016E 75 11                           		JNE		mts_fin					; goto mts_fin;
   274 00000170 89 13                           		MOV		[EBX],EDX				; *p = old;
   275 00000172 05 00001000                     		ADD 	EAX,0x1000				; i += 0x1000;
   276 00000177 3B 44 24 14                     		CMP		EAX,[ESP+12+8]			; if(i <= end)
   277 0000017B 76 D9                           		JBE		mts_loop				; goto mts_loop;
   278 0000017D 5B                              		POP		EBX
   279 0000017E 5E                              		POP		ESI
   280 0000017F 5F                              		POP		EDI
   281 00000180 C3                              		RET
   282 00000181                                 		
   283 00000181                                 mts_fin:
   284 00000181 89 13                           		MOV		[EBX],EDX				; *p = old;
   285 00000183 5B                              		POP		EBX
   286 00000184 5E                              		POP		ESI
   287 00000185 5F                              		POP		EDI
   288 00000186 C3                              		RET
   289 00000187                                 
   290 00000187                                 _farJmp:								; void farJmp(int eip, int cs);
   291 00000187 FF 6C 24 04                     		JMP		FAR [ESP+4]
   292 0000018B C3                              		RET
   293 0000018C                                 
   294 0000018C                                 _farCall:								; void farCall(int eip, int cs);
   295 0000018C FF 5C 24 04                     		CALL	FAR [ESP+4]
   296 00000190 C3                              		RET
   297 00000191                                 		
   298 00000191                                 _startApp:								; void startApp(int eip, int cs, int esp, int ds, int *tssEsp0);
   299 00000191 60                              		PUSHAD							; 保存当前32位寄存器的值
   300 00000192 8B 44 24 24                     		MOV		EAX,[ESP+36]			; EAX中存放eip
   301 00000196 8B 4C 24 28                     		MOV		ECX,[ESP+40]			; ECX中存放cs
   302 0000019A 8B 54 24 2C                     		MOV		EDX,[ESP+44]			; EDX中存放esp
   303 0000019E 8B 5C 24 30                     		MOV		EBX,[ESP+48]			; EBX中存放ds
   304 000001A2 8B 6C 24 34                     		MOV		EBP,[ESP+52]			; TSS.esp0的地址
   305 000001A6 89 65 00                        		MOV		[EBP],ESP				; 保存操作系统ESP
   306 000001A9 8C 55 04                        		MOV		[EBP+4],SS				; 保存操作系统SS
   307 000001AC 8E C3                           		MOV		ES,BX
   308 000001AE 8E DB                           		MOV		DS,BX
   309 000001B0 8E E3                           		MOV		FS,BX
   310 000001B2 8E EB                           		MOV		GS,BX
   311 000001B4                                 ; 调整栈，以免RETF跳转至应用程序
   312 000001B4 83 C9 03                        		OR		ECX,3					; 将应用程序用的段号和3进行OR运算
   313 000001B7 83 CB 03                        		OR		EBX,3					; 将应用程序用的段号和3进行OR运算
   314 000001BA 53                              		PUSH	EBX						; 应用程序ss
   315 000001BB 52                              		PUSH	EDX						; 应用程序esp
   316 000001BC 51                              		PUSH	ECX						; 应用程序cs
   317 000001BD 50                              		PUSH	EAX						; 应用程序eip
   318 000001BE CB                              		RETF
   319 000001BF                                 ; 应用程序结束后不会回到这里
